\BOOKMARK [1][-]{section.1}{Introduction}{}
\BOOKMARK [1][-]{section.2}{System description}{}
\BOOKMARK [2][-]{subsection.2.1}{Existing smart rollators}{section.2}
\BOOKMARK [2][-]{subsection.2.2}{Our smart rollator}{section.2}
\BOOKMARK [1][-]{section.3}{Algorithm for Kinect processing}{}
\BOOKMARK [2][-]{subsection.3.1}{Ground and walker segmentation}{section.3}
\BOOKMARK [2][-]{subsection.3.2}{Feet and legs segmentation}{section.3}
\BOOKMARK [3][-]{subsubsection.3.2.1}{General algorithm}{subsection.3.2}
\BOOKMARK [3][-]{subsubsection.3.2.2}{Leg segmentation}{subsection.3.2}
\BOOKMARK [3][-]{subsubsection.3.2.3}{Foot segmentation}{subsection.3.2}
\BOOKMARK [3][-]{subsubsection.3.2.4}{Definition of fit function}{subsection.3.2}
\BOOKMARK [3][-]{subsubsection.3.2.5}{Initialization of the set}{subsection.3.2}
\BOOKMARK [2][-]{subsection.3.3}{Model optimization}{section.3}
\BOOKMARK [3][-]{subsubsection.3.3.1}{Legs}{subsection.3.3}
\BOOKMARK [2][-]{subsection.3.4}{Final parameters}{section.3}
\BOOKMARK [1][-]{section.4}{Kalman filtering}{}
\BOOKMARK [2][-]{subsection.4.1}{Motivation}{section.4}
\BOOKMARK [2][-]{subsection.4.2}{Model and evolution matrix}{section.4}
\BOOKMARK [2][-]{subsection.4.3}{Measurement equations}{section.4}
\BOOKMARK [3][-]{subsubsection.4.3.1}{Direct measurements}{subsection.4.3}
\BOOKMARK [3][-]{subsubsection.4.3.2}{Constraint between X1 and X2}{subsection.4.3}
\BOOKMARK [3][-]{subsubsection.4.3.3}{Constraint between X2 and X3}{subsection.4.3}
\BOOKMARK [2][-]{subsection.4.4}{Outlier rejection}{section.4}
\BOOKMARK [1][-]{section.5}{Results}{}
\BOOKMARK [2][-]{subsection.5.1}{Presentation of the experiment}{section.5}
\BOOKMARK [2][-]{subsection.5.2}{Results analysis}{section.5}
\BOOKMARK [1][-]{section.6}{Conclusion}{}
\BOOKMARK [1][-]{section*.1}{References}{}
